#
# There is insufficient memory for the Java Runtime Environment to continue.
# Native memory allocation (mmap) failed to map 266338304 bytes. Error detail: G1 virtual space
# Possible reasons:
#   The system is out of physical RAM or swap space
#   This process is running with CompressedOops enabled, and the Java Heap may be blocking the growth of the native heap
# Possible solutions:
#   Reduce memory load on the system
#   Increase physical memory or swap space
#   Check if swap backing store is full
#   Decrease Java heap size (-Xmx/-Xms)
#   Decrease number of Java threads
#   Decrease Java thread stack sizes (-Xss)
#   Set larger code cache with -XX:ReservedCodeCacheSize=
#   JVM is running with Zero Based Compressed Oops mode in which the Java heap is
#     placed in the first 32GB address space. The Java Heap base address is the
#     maximum limit for the native heap growth. Please use -XX:HeapBaseMinAddress
#     to set the Java Heap base and to place the Java Heap above 32GB virtual address.
# This output file may be truncated or incomplete.
#
#  Out of Memory Error (os_windows.cpp:3825), pid=10344, tid=10960
#
# JRE version:  (17.0.11+1) (build )
# Java VM: OpenJDK 64-Bit Server VM (17.0.11+1-b1207.24, mixed mode, sharing, tiered, compressed oops, compressed class ptrs, g1 gc, windows-amd64)
# Core dump will be written. Default location: D:\wamp64\www\sortir.com\hs_err_pid10344.mdmp
#

---------------  S U M M A R Y ------------

Command Line: git4idea.http.GitAskPassApp Username for 'https://github.com': 

Host: Intel(R) Core(TM) i5-6600 CPU @ 3.30GHz, 4 cores, 15G,  Windows Server 2019 , 64 bit Build 17763 (10.0.17763.3287)
Time: Wed Nov 13 10:06:58 2024 Paris, Madrid elapsed time: 1.391995 seconds (0d 0h 0m 1s)

---------------  T H R E A D  ---------------

Current thread (0x000001b8b4773750):  JavaThread "Unknown thread" [_thread_in_vm, id=10960, stack(0x0000006963000000,0x0000006963100000)]

Stack: [0x0000006963000000,0x0000006963100000]
Native frames: (J=compiled Java code, j=interpreted, Vv=VM code, C=native code)
V  [jvm.dll+0x6877f9]
V  [jvm.dll+0x8411aa]
V  [jvm.dll+0x842e2e]
V  [jvm.dll+0x843493]
V  [jvm.dll+0x249fdf]
V  [jvm.dll+0x6845c9]
V  [jvm.dll+0x678e7a]
V  [jvm.dll+0x30ab4b]
V  [jvm.dll+0x311ff6]
V  [jvm.dll+0x361a5e]
V  [jvm.dll+0x361c8f]
V  [jvm.dll+0x2e0978]
V  [jvm.dll+0x2e18e4]
V  [jvm.dll+0x811c71]
V  [jvm.dll+0x36f7c8]
V  [jvm.dll+0x7f05f6]
V  [jvm.dll+0x3f398f]
V  [jvm.dll+0x3f5541]
C  [jli.dll+0x528f]
C  [ucrtbase.dll+0x2268a]
C  [KERNEL32.DLL+0x17974]
C  [ntdll.dll+0x5a2f1]


---------------  P R O C E S S  ---------------

Threads class SMR info:
_java_thread_list=0x00007ffdf1e9efd8, length=0, elements={
}

Java Threads: ( => current thread )

Other Threads:
  0x000001b8b47debf0 GCTaskThread "GC Thread#0" [stack: 0x0000006963100000,0x0000006963200000] [id=7372]
  0x000001b8b47f0860 ConcurrentGCThread "G1 Main Marker" [stack: 0x0000006963200000,0x0000006963300000] [id=4232]
  0x000001b8b47f1190 ConcurrentGCThread "G1 Conc#0" [stack: 0x0000006963300000,0x0000006963400000] [id=7392]

[error occurred during error reporting (printing all threads), id 0xc0000005, EXCEPTION_ACCESS_VIOLATION (0xc0000005) at pc=0x00007ffdf1651547]

VM state: not at safepoint (not fully initialized)

VM Mutex/Monitor currently owned by a thread:  ([mutex/lock_event])
[0x000001b8b476ffc0] Heap_lock - owner thread: 0x000001b8b4773750

Heap address: 0x0000000702000000, size: 4064 MB, Compressed Oops mode: Zero based, Oop shift amount: 3

CDS archive(s) mapped at: [0x0000000000000000-0x0000000000000000-0x0000000000000000), size 0, SharedBaseAddress: 0x0000000800000000, ArchiveRelocationMode: 1.
Narrow klass base: 0x0000000000000000, Narrow klass shift: 0, Narrow klass range: 0x0

GC Precious Log:
<Empty>

Heap:
 garbage-first heap   total 0K, used 0K [0x0000000702000000, 0x0000000800000000)
  region size 2048K, 0 young (0K), 0 survivors (0K)
 Metaspace       used 0K, committed 0K, reserved 0K
  class space    used 0K, committed 0K, reserved 0K

Heap Regions: E=young(eden), S=young(survivor), O=old, HS=humongous(starts), HC=humongous(continues), CS=collection set, F=free, OA=open archive, CA=closed archive, TAMS=top-at-mark-start (previous, next)

Card table byte_map: [0x000001b8c76f0000,0x000001b8c7ee0000] _byte_map_base: 0x000001b8c3ee0000

Marking Bits (Prev, Next): (CMBitMap*) 0x000001b8b47e0130, (CMBitMap*) 0x000001b8b47e0170
 Prev Bits: [0x000001b8c86d0000, 0x000001b8cc650000)
 Next Bits: [0x000001b8cc650000, 0x000001b8d05d0000)

GC Heap History (0 events):
No events

Dll operation events (1 events):
Event: 0.826 Loaded shared library D:\Users\JetBrains\PhpStorm 2024.1.2\jbr\bin\java.dll

Deoptimization events (0 events):
No events

Classes unloaded (0 events):
No events

Classes redefined (0 events):
No events

Internal exceptions (0 events):
No events

VM Operations (0 events):
No events

Events (0 events):
No events


Dynamic libraries:
0x00007ff769b20000 - 0x00007ff769b2a000 	D:\Users\JetBrains\PhpStorm 2024.1.2\jbr\bin\java.exe
0x00007ffe30e50000 - 0x00007ffe3103e000 	C:\windows\SYSTEM32\ntdll.dll
0x00007ffe2f070000 - 0x00007ffe2f123000 	C:\windows\System32\KERNEL32.DLL
0x00007ffe2dc70000 - 0x00007ffe2df0a000 	C:\windows\System32\KERNELBASE.dll
0x00007ffe2df80000 - 0x00007ffe2e07a000 	C:\windows\System32\ucrtbase.dll
0x00007ffe043a0000 - 0x00007ffe043bb000 	D:\Users\JetBrains\PhpStorm 2024.1.2\jbr\bin\VCRUNTIME140.dll
0x00007ffe0aae0000 - 0x00007ffe0aaf7000 	D:\Users\JetBrains\PhpStorm 2024.1.2\jbr\bin\jli.dll
0x00007ffe2edb0000 - 0x00007ffe2ef47000 	C:\windows\System32\USER32.dll
0x00007ffe2cf90000 - 0x00007ffe2cfb0000 	C:\windows\System32\win32u.dll
0x00007ffe2f460000 - 0x00007ffe2f489000 	C:\windows\System32\GDI32.dll
0x00007ffe2d700000 - 0x00007ffe2d89c000 	C:\windows\System32\gdi32full.dll
0x00007ffe2d8a0000 - 0x00007ffe2d940000 	C:\windows\System32\msvcp_win.dll
0x00007ffe12af0000 - 0x00007ffe12d69000 	C:\windows\WinSxS\amd64_microsoft.windows.common-controls_6595b64144ccf1df_6.0.17763.3346_none_de715e52534b37d6\COMCTL32.dll
0x00007ffe2ebd0000 - 0x00007ffe2ec6e000 	C:\windows\System32\msvcrt.dll
0x00007ffe2f130000 - 0x00007ffe2f45b000 	C:\windows\System32\combase.dll
0x00007ffe30af0000 - 0x00007ffe30c0d000 	C:\windows\System32\RPCRT4.dll
0x00007ffe2cee0000 - 0x00007ffe2cf62000 	C:\windows\System32\bcryptPrimitives.dll
0x00007ffe2ec70000 - 0x00007ffe2ec9e000 	C:\windows\System32\IMM32.DLL
0x00007ffe0fc90000 - 0x00007ffe0fc9c000 	D:\Users\JetBrains\PhpStorm 2024.1.2\jbr\bin\vcruntime140_1.dll
0x00007ffdef480000 - 0x00007ffdef50d000 	D:\Users\JetBrains\PhpStorm 2024.1.2\jbr\bin\msvcp140.dll
0x00007ffdf1360000 - 0x00007ffdf1fe3000 	D:\Users\JetBrains\PhpStorm 2024.1.2\jbr\bin\server\jvm.dll
0x00007ffe30d70000 - 0x00007ffe30e17000 	C:\windows\System32\ADVAPI32.dll
0x00007ffe2ed10000 - 0x00007ffe2edaf000 	C:\windows\System32\sechost.dll
0x00007ffe2ce10000 - 0x00007ffe2ce6d000 	C:\windows\System32\POWRPROF.dll
0x00007ffe0b540000 - 0x00007ffe0b549000 	C:\windows\SYSTEM32\WSOCK32.dll
0x00007ffe30c30000 - 0x00007ffe30c9d000 	C:\windows\System32\WS2_32.dll
0x00007ffe2ac90000 - 0x00007ffe2acb4000 	C:\windows\SYSTEM32\WINMM.dll
0x00007ffe205f0000 - 0x00007ffe205fa000 	C:\windows\SYSTEM32\VERSION.dll
0x00007ffe2aa80000 - 0x00007ffe2aaad000 	C:\windows\SYSTEM32\WINMMBASE.dll
0x00007ffe2d940000 - 0x00007ffe2d98a000 	C:\windows\System32\cfgmgr32.dll
0x00007ffe2cec0000 - 0x00007ffe2ced1000 	C:\windows\System32\kernel.appcore.dll
0x00007ffe26360000 - 0x00007ffe2636a000 	D:\Users\JetBrains\PhpStorm 2024.1.2\jbr\bin\jimage.dll
0x00007ffe1c430000 - 0x00007ffe1c61d000 	C:\windows\SYSTEM32\DBGHELP.DLL
0x00007ffe1bb40000 - 0x00007ffe1bb6a000 	C:\windows\SYSTEM32\dbgcore.DLL
0x00007ffe26330000 - 0x00007ffe26355000 	D:\Users\JetBrains\PhpStorm 2024.1.2\jbr\bin\java.dll

dbghelp: loaded successfully - version: 4.0.5 - missing functions: none
symbol engine: initialized successfully - sym options: 0x614 - pdb path: .;D:\Users\JetBrains\PhpStorm 2024.1.2\jbr\bin;C:\windows\SYSTEM32;C:\windows\WinSxS\amd64_microsoft.windows.common-controls_6595b64144ccf1df_6.0.17763.3346_none_de715e52534b37d6;D:\Users\JetBrains\PhpStorm 2024.1.2\jbr\bin\server

VM Arguments:
java_command: git4idea.http.GitAskPassApp Username for 'https://github.com': 
java_class_path (initial): D:/Users/JetBrains/PhpStorm 2024.1.2/plugins/vcs-git/lib/git4idea-rt.jar;D:/Users/JetBrains/PhpStorm 2024.1.2/lib/externalProcess-rt.jar
Launcher Type: SUN_STANDARD

[Global flags]
     intx CICompilerCount                          = 3                                         {product} {ergonomic}
     uint ConcGCThreads                            = 1                                         {product} {ergonomic}
     uint G1ConcRefinementThreads                  = 4                                         {product} {ergonomic}
   size_t G1HeapRegionSize                         = 2097152                                   {product} {ergonomic}
    uintx GCDrainStackTargetSize                   = 64                                        {product} {ergonomic}
   size_t InitialHeapSize                          = 266338304                                 {product} {ergonomic}
   size_t MarkStackSize                            = 4194304                                   {product} {ergonomic}
   size_t MaxHeapSize                              = 4261412864                                {product} {ergonomic}
   size_t MinHeapDeltaBytes                        = 2097152                                   {product} {ergonomic}
   size_t MinHeapSize                              = 8388608                                   {product} {ergonomic}
    uintx NonNMethodCodeHeapSize                   = 5832780                                {pd product} {ergonomic}
    uintx NonProfiledCodeHeapSize                  = 122912730                              {pd product} {ergonomic}
    uintx ProfiledCodeHeapSize                     = 122912730                              {pd product} {ergonomic}
    uintx ReservedCodeCacheSize                    = 251658240                              {pd product} {ergonomic}
     bool SegmentedCodeCache                       = true                                      {product} {ergonomic}
   size_t SoftMaxHeapSize                          = 4261412864                             {manageable} {ergonomic}
     bool UseCompressedClassPointers               = true                           {product lp64_product} {ergonomic}
     bool UseCompressedOops                        = true                           {product lp64_product} {ergonomic}
     bool UseG1GC                                  = true                                      {product} {ergonomic}
     bool UseLargePagesIndividualAllocation        = false                                  {pd product} {ergonomic}

Logging:
Log output configuration:
 #0: stdout all=warning uptime,level,tags
 #1: stderr all=off uptime,level,tags

Environment Variables:
JAVA_HOME=D:\Java\jdk-21.0.3
PATH=D:\Git\mingw64\libexec\git-core;D:\Git\mingw64\libexec\git-core;D:\Git\mingw64\bin;D:\Git\usr\bin;C:\Users\kpatingre2024\bin;D:\Java\jdk-21.0.3\bin;C:\Program Files\Microsoft MPI\Bin;C:\windows\system32;C:\windows;C:\windows\System32\Wbem;C:\windows\System32\WindowsPowerShell\v1.0;C:\windows\System32\OpenSSH;C:\Program Files\Microsoft SQL Server\130\Tools\Binn;C:\Program Files\Microsoft SQL Server\Client SDK\ODBC\170\Tools\Binn;C:\Program Files (x86)\Microsoft SQL Server\150\DTS\Binn;C:\Program Files\Microsoft SQL Server\150\DTS\Binn;C:\Program Files (x86)\Microsoft SQL Server\150\Tools\Binn;C:\Program Files\Microsoft SQL Server\150\Tools\Binn;C:\Program Files\dotnet;C:\Program Files\nodejs;D:\wamp64\bin\php\php8.2.18;C:\ProgramData\ComposerSetup\bin;D:\Users\symfony-cli_windows_amd64;D:\Java\jdk-21.0.3\bin;C:\Users\kpatingre2024\AppData\Local\Microsoft\WindowsApps;D:\Users\kpatingre2024\AppData\Local\Programs\Microsoft VS Code\bin;C:\Users\kpatingre2024\AppData\Roaming\npm;D:\Git\cmd;D:\Fichiers\Modules\Java SpringBoot\JavaSpring\gradle-8.10\bin
USERNAME=kpatingre2024
DISPLAY=:0.0
LC_ALL=en_US.UTF-8
TERM=xterm-256color
TMPDIR=C:\Users\KPATIN~1\AppData\Local\Temp\1
OS=Windows_NT
PROCESSOR_IDENTIFIER=Intel64 Family 6 Model 94 Stepping 3, GenuineIntel
TMP=C:\Users\KPATIN~1\AppData\Local\Temp\1
TEMP=C:\Users\KPATIN~1\AppData\Local\Temp\1



Periodic native trim disabled

JNI global refs:
JNI global refs: 0, weak refs: 0

JNI global refs memory usage: 0, weak refs: 0

Process memory usage:
Resident Set Size: 10496K (0% of 16638584K total physical memory with 955176K free physical memory)

OOME stack traces (most recent first):
Classloader memory used:


---------------  S Y S T E M  ---------------

OS:
 Windows Server 2019 , 64 bit Build 17763 (10.0.17763.3287)
OS uptime: 6 days 18:21 hours

CPU: total 4 (initial active 4) (4 cores per cpu, 1 threads per core) family 6 model 94 stepping 3 microcode 0xd6, cx8, cmov, fxsr, mmx, 3dnowpref, sse, sse2, sse3, ssse3, sse4.1, sse4.2, popcnt, lzcnt, tsc, tscinvbit, avx, avx2, aes, erms, clmul, bmi1, bmi2, rtm, adx, fma, vzeroupper, clflush, clflushopt
Processor Information for all 4 processors :
  Max Mhz: 3312, Current Mhz: 3312, Mhz Limit: 3312

Memory: 4k page, system-wide physical 16248M (932M free)
TotalPageFile size 27989M (AvailPageFile size 106M)
current process WorkingSet (physical memory assigned to process): 10M, peak: 10M
current process commit charge ("private bytes"): 52M, peak: 305M

vm_info: OpenJDK 64-Bit Server VM (17.0.11+1-b1207.24) for windows-amd64 JRE (17.0.11+1-b1207.24), built on 2024-05-15 by "builduser" with MS VC++ 16.10 / 16.11 (VS2019)

END.
